TN:
SF:routes/vault.ts
FN:47,invalidateCache
FN:48,(anonymous_11)
FN:150,extractWikilinks
FN:163,extractTags
FN:178,extractFrontmatter
FN:189,(anonymous_15)
FN:198,(anonymous_16)
FN:234,getColorForTags
FN:243,parseDirectory
FN:296,(anonymous_19)
FN:300,buildNoteIndex
FN:310,computeInboundLinks
FN:311,walk
FN:326,estimateCityRadius
FN:327,countNotes
FN:330,(anonymous_25)
FN:340,assignPositions
FN:343,(anonymous_27)
FN:348,(anonymous_28)
FN:381,(anonymous_29)
FN:385,(anonymous_30)
FN:390,(anonymous_31)
FN:397,(anonymous_32)
FN:410,buildHighwayConnections
FN:444,(anonymous_34)
FN:451,(anonymous_35)
FN:465,(anonymous_36)
FN:478,fuzzyMatch
FN:531,searchNotes
FN:534,(anonymous_39)
FN:536,walk
FN:542,(anonymous_41)
FN:543,(anonymous_42)
FN:603,(anonymous_43)
FN:620,getVaultData
FN:680,(anonymous_45)
FN:698,collectLinks
FN:787,(anonymous_47)
FN:793,(anonymous_48)
FN:844,(anonymous_49)
FN:852,findNote
FN:891,(anonymous_51)
FN:923,walk
FN:960,(anonymous_53)
FN:997,walk
FN:1033,(anonymous_55)
FN:1039,(anonymous_56)
FN:1052,findDir
FN:1088,(anonymous_58)
FN:1093,(anonymous_59)
FNF:50
FNH:38
FNDA:0,invalidateCache
FNDA:0,(anonymous_11)
FNDA:9,extractWikilinks
FNDA:5,extractTags
FNDA:5,extractFrontmatter
FNDA:0,(anonymous_15)
FNDA:0,(anonymous_16)
FNDA:4,getColorForTags
FNDA:4,parseDirectory
FNDA:3,(anonymous_19)
FNDA:4,buildNoteIndex
FNDA:1,computeInboundLinks
FNDA:4,walk
FNDA:4,estimateCityRadius
FNDA:6,countNotes
FNDA:2,(anonymous_25)
FNDA:2,assignPositions
FNDA:4,(anonymous_27)
FNDA:4,(anonymous_28)
FNDA:4,(anonymous_29)
FNDA:4,(anonymous_30)
FNDA:4,(anonymous_31)
FNDA:4,(anonymous_32)
FNDA:2,buildHighwayConnections
FNDA:2,(anonymous_34)
FNDA:2,(anonymous_35)
FNDA:2,(anonymous_36)
FNDA:24,fuzzyMatch
FNDA:3,searchNotes
FNDA:0,(anonymous_39)
FNDA:12,walk
FNDA:0,(anonymous_41)
FNDA:0,(anonymous_42)
FNDA:10,(anonymous_43)
FNDA:5,getVaultData
FNDA:2,(anonymous_45)
FNDA:8,collectLinks
FNDA:6,(anonymous_47)
FNDA:3,(anonymous_48)
FNDA:2,(anonymous_49)
FNDA:7,findNote
FNDA:1,(anonymous_51)
FNDA:4,walk
FNDA:1,(anonymous_53)
FNDA:4,walk
FNDA:0,(anonymous_55)
FNDA:0,(anonymous_56)
FNDA:0,findDir
FNDA:0,(anonymous_58)
FNDA:0,(anonymous_59)
DA:12,1
DA:13,1
DA:14,1
DA:15,1
DA:16,1
DA:18,1
DA:21,1
DA:22,1
DA:24,1
DA:31,1
DA:34,1
DA:40,1
DA:48,0
DA:107,1
DA:151,9
DA:152,9
DA:154,9
DA:155,9
DA:158,9
DA:160,9
DA:164,5
DA:165,5
DA:167,5
DA:168,8
DA:169,5
DA:179,5
DA:180,5
DA:181,5
DA:182,0
DA:183,0
DA:184,0
DA:185,0
DA:186,0
DA:187,0
DA:188,0
DA:189,0
DA:190,0
DA:196,0
DA:197,0
DA:198,0
DA:199,0
DA:206,0
DA:209,1
DA:235,4
DA:236,6
DA:237,132
DA:238,4
DA:245,4
DA:246,4
DA:248,0
DA:251,4
DA:252,4
DA:254,4
DA:255,7
DA:256,7
DA:258,7
DA:259,3
DA:260,3
DA:261,4
DA:265,4
DA:266,4
DA:267,4
DA:269,4
DA:270,4
DA:271,4
DA:272,4
DA:273,4
DA:274,4
DA:287,4
DA:288,4
DA:296,3
DA:301,4
DA:302,4
DA:303,4
DA:304,4
DA:306,4
DA:307,4
DA:312,4
DA:313,4
DA:315,4
DA:316,4
DA:317,4
DA:319,4
DA:321,1
DA:328,6
DA:330,2
DA:333,4
DA:334,4
DA:335,4
DA:341,2
DA:343,4
DA:345,2
DA:346,2
DA:348,2
DA:349,4
DA:350,2
DA:351,2
DA:352,2
DA:355,2
DA:356,2
DA:358,2
DA:359,160
DA:360,320
DA:361,320
DA:363,320
DA:364,640
DA:365,320
DA:366,320
DA:367,320
DA:368,320
DA:370,320
DA:371,320
DA:372,320
DA:373,320
DA:376,320
DA:377,320
DA:381,4
DA:382,2
DA:383,2
DA:385,4
DA:390,2
DA:391,4
DA:392,2
DA:393,2
DA:394,2
DA:397,4
DA:411,2
DA:413,2
DA:415,2
DA:416,2
DA:417,2
DA:418,2
DA:420,2
DA:421,4
DA:422,4
DA:423,8
DA:424,4
DA:426,4
DA:427,2
DA:428,2
DA:431,4
DA:432,8
DA:433,2
DA:434,2
DA:435,2
DA:436,2
DA:437,2
DA:438,2
DA:439,2
DA:444,2
DA:445,2
DA:446,2
DA:447,2
DA:448,2
DA:451,2
DA:452,2
DA:454,2
DA:455,4
DA:456,2
DA:457,2
DA:458,2
DA:459,2
DA:460,2
DA:461,2
DA:465,2
DA:466,2
DA:467,2
DA:479,24
DA:480,24
DA:483,24
DA:484,19
DA:488,5
DA:489,5
DA:490,18
DA:491,0
DA:496,5
DA:497,5
DA:498,5
DA:500,5
DA:501,47
DA:502,21
DA:503,21
DA:504,21
DA:506,26
DA:510,5
DA:511,1
DA:514,4
DA:532,3
DA:533,3
DA:534,3
DA:537,12
DA:539,12
DA:541,12
DA:542,0
DA:543,0
DA:544,0
DA:548,12
DA:549,12
DA:550,12
DA:553,12
DA:554,12
DA:555,12
DA:557,12
DA:558,12
DA:561,12
DA:562,11
DA:563,11
DA:564,10
DA:565,10
DA:566,10
DA:574,12
DA:575,11
DA:579,11
DA:580,11
DA:595,12
DA:596,9
DA:600,3
DA:603,10
DA:606,3
DA:607,3
DA:609,3
DA:622,5
DA:623,5
DA:624,5
DA:626,5
DA:627,1
DA:628,1
DA:629,1
DA:631,1
DA:632,1
DA:633,1
DA:634,1
DA:636,1
DA:637,1
DA:638,1
DA:642,5
DA:680,1
DA:681,2
DA:682,0
DA:688,2
DA:689,2
DA:690,2
DA:692,2
DA:693,2
DA:694,2
DA:696,2
DA:697,2
DA:699,8
DA:700,8
DA:702,8
DA:703,8
DA:704,8
DA:705,8
DA:706,6
DA:707,6
DA:711,8
DA:713,2
DA:715,2
DA:731,0
DA:732,0
DA:787,1
DA:788,6
DA:790,6
DA:791,3
DA:793,3
DA:797,3
DA:798,0
DA:801,3
DA:802,3
DA:803,3
DA:805,3
DA:812,3
DA:818,0
DA:819,0
DA:844,1
DA:845,2
DA:853,7
DA:854,7
DA:855,7
DA:856,11
DA:857,11
DA:858,11
DA:859,5
DA:860,5
DA:861,6
DA:862,6
DA:863,6
DA:864,1
DA:867,5
DA:869,2
DA:870,2
DA:871,1
DA:872,1
DA:873,1
DA:887,0
DA:891,1
DA:911,1
DA:912,1
DA:913,0
DA:916,1
DA:917,0
DA:919,1
DA:920,1
DA:921,1
DA:925,4
DA:926,4
DA:928,0
DA:930,4
DA:931,7
DA:932,7
DA:933,7
DA:934,3
DA:935,3
DA:936,4
DA:937,4
DA:938,4
DA:939,4
DA:944,1
DA:946,1
DA:947,1
DA:949,1
DA:960,1
DA:986,1
DA:987,1
DA:988,0
DA:991,1
DA:992,0
DA:995,1
DA:999,4
DA:1000,4
DA:1002,0
DA:1005,4
DA:1006,7
DA:1007,4
DA:1010,3
DA:1011,3
DA:1013,3
DA:1019,3
DA:1023,1
DA:1025,1
DA:1026,1
DA:1028,1
DA:1033,1
DA:1034,0
DA:1036,0
DA:1037,0
DA:1039,0
DA:1046,0
DA:1048,0
DA:1050,0
DA:1051,0
DA:1053,0
DA:1054,0
DA:1055,0
DA:1056,0
DA:1057,0
DA:1058,0
DA:1059,0
DA:1060,0
DA:1062,0
DA:1064,0
DA:1067,0
DA:1068,0
DA:1070,0
DA:1071,0
DA:1075,0
DA:1078,0
DA:1080,0
DA:1082,0
DA:1088,1
DA:1089,0
DA:1090,0
DA:1093,1
DA:1094,0
DA:1095,0
DA:1097,0
DA:1108,1
LF:377
LH:313
BRDA:21,0,0,1
BRDA:21,0,1,0
BRDA:21,1,0,0
BRDA:21,1,1,0
BRDA:22,2,0,1
BRDA:22,2,1,1
BRDA:158,3,0,9
BRDA:181,4,0,5
BRDA:184,5,0,0
BRDA:186,6,0,0
BRDA:188,7,0,0
BRDA:188,7,1,0
BRDA:197,8,0,0
BRDA:237,9,0,0
BRDA:243,10,0,0
BRDA:255,11,0,0
BRDA:255,12,0,7
BRDA:255,12,1,7
BRDA:258,13,0,3
BRDA:258,13,1,4
BRDA:260,14,0,3
BRDA:261,15,0,4
BRDA:262,16,0,4
BRDA:262,16,1,4
BRDA:276,17,0,4
BRDA:276,17,1,4
BRDA:287,18,0,0
BRDA:287,19,0,4
BRDA:287,19,1,1
BRDA:296,20,0,3
BRDA:296,20,1,0
BRDA:300,21,0,1
BRDA:301,22,0,4
BRDA:301,22,1,0
BRDA:304,23,0,0
BRDA:306,24,0,4
BRDA:306,24,1,0
BRDA:312,25,0,4
BRDA:312,25,1,0
BRDA:315,26,0,4
BRDA:315,26,1,0
BRDA:316,27,0,4
BRDA:316,28,0,4
BRDA:316,28,1,4
BRDA:317,29,0,4
BRDA:317,29,1,2
BRDA:319,30,0,4
BRDA:319,30,1,0
BRDA:329,31,0,6
BRDA:329,31,1,0
BRDA:330,32,0,6
BRDA:330,32,1,0
BRDA:341,33,0,0
BRDA:349,34,0,2
BRDA:364,35,0,320
BRDA:367,36,0,320
BRDA:367,36,1,0
BRDA:370,37,0,320
BRDA:391,38,0,2
BRDA:411,39,0,0
BRDA:423,40,0,4
BRDA:423,41,0,8
BRDA:423,41,1,6
BRDA:423,41,2,2
BRDA:426,42,0,2
BRDA:432,43,0,6
BRDA:435,44,0,0
BRDA:435,45,0,2
BRDA:435,45,1,2
BRDA:437,46,0,2
BRDA:451,47,0,2
BRDA:451,47,1,0
BRDA:458,48,0,0
BRDA:458,49,0,2
BRDA:458,49,1,2
BRDA:460,50,0,2
BRDA:483,51,0,19
BRDA:490,52,0,0
BRDA:500,53,0,52
BRDA:500,53,1,48
BRDA:501,54,0,21
BRDA:501,54,1,26
BRDA:510,55,0,1
BRDA:531,56,0,0
BRDA:532,57,0,3
BRDA:532,58,0,3
BRDA:532,59,0,0
BRDA:532,60,0,0
BRDA:534,61,0,0
BRDA:534,61,1,3
BRDA:536,62,0,3
BRDA:537,63,0,9
BRDA:537,63,1,3
BRDA:539,64,0,12
BRDA:539,64,1,0
BRDA:541,65,0,0
BRDA:542,66,0,0
BRDA:542,66,1,0
BRDA:544,67,0,0
BRDA:553,68,0,12
BRDA:553,69,0,12
BRDA:553,69,1,12
BRDA:561,70,0,11
BRDA:563,71,0,10
BRDA:566,72,0,0
BRDA:566,72,1,10
BRDA:568,73,0,0
BRDA:568,73,1,10
BRDA:574,74,0,11
BRDA:574,75,0,12
BRDA:574,75,1,3
BRDA:575,76,0,9
BRDA:575,76,1,2
BRDA:575,77,0,11
BRDA:575,77,1,9
BRDA:576,78,0,9
BRDA:576,78,1,0
BRDA:577,79,0,2
BRDA:577,79,1,2
BRDA:579,80,0,11
BRDA:595,81,0,12
BRDA:595,81,1,0
BRDA:626,82,0,1
BRDA:631,83,0,1
BRDA:643,84,0,5
BRDA:643,84,1,0
BRDA:644,85,0,5
BRDA:644,85,1,0
BRDA:645,86,0,5
BRDA:645,86,1,0
BRDA:681,87,0,0
BRDA:690,88,0,0
BRDA:692,89,0,2
BRDA:692,89,1,0
BRDA:699,90,0,8
BRDA:699,90,1,0
BRDA:702,91,0,8
BRDA:702,91,1,0
BRDA:703,92,0,8
BRDA:703,93,0,8
BRDA:703,93,1,8
BRDA:705,94,0,6
BRDA:711,95,0,8
BRDA:711,95,1,0
BRDA:790,96,0,3
BRDA:797,97,0,0
BRDA:803,98,0,0
BRDA:853,99,0,0
BRDA:856,100,0,0
BRDA:858,101,0,5
BRDA:858,101,1,6
BRDA:860,102,0,1
BRDA:861,103,0,6
BRDA:863,104,0,1
BRDA:870,105,0,1
BRDA:912,106,0,0
BRDA:916,107,0,0
BRDA:931,108,0,0
BRDA:931,109,0,7
BRDA:931,109,1,7
BRDA:933,110,0,3
BRDA:933,110,1,4
BRDA:936,111,0,4
BRDA:987,112,0,0
BRDA:991,113,0,0
BRDA:997,114,0,1
BRDA:1006,115,0,4
BRDA:1006,116,0,7
BRDA:1006,116,1,3
BRDA:1006,116,2,3
BRDA:1011,117,0,1
BRDA:1011,117,1,2
BRDA:1036,118,0,0
BRDA:1051,119,0,0
BRDA:1053,120,0,0
BRDA:1056,121,0,0
BRDA:1058,122,0,0
BRDA:1060,123,0,0
BRDA:1064,124,0,0
BRDA:1064,124,1,0
BRDA:1070,125,0,0
BRDA:1075,126,0,0
BRDA:1075,126,1,0
BRDA:1104,127,0,0
BRDA:1104,127,1,0
BRF:185
BRH:113
end_of_record
